2021-12-23 20:18:12,967 [Worker-0: Loading available Gradle versions] INFO  o.e.b.c.i.u.g.PublishedGradleVersions - Gradle version information cache is up-to-date. Trying to read.
2021-12-23 20:32:47,584 [Worker-3: Loading available Gradle versions] INFO  o.e.b.c.i.u.g.PublishedGradleVersions - Gradle version information cache is out-of-date. Trying to update.
2021-12-23 20:50:29,791 [Start Help Server] INFO  org.eclipse.jetty.server.Server - jetty-10.0.5; built: 2021-06-11T14:18:43.438Z; git: dc21b2d73cafd78a56e8e532cf50863739bd7027; jvm 11.0.11+9-LTS-194
2021-12-23 20:50:29,824 [Start Help Server] INFO  o.e.j.s.s.DefaultSessionIdManager - Session workerName=node0
2021-12-23 20:50:29,853 [Start Help Server] INFO  o.e.j.server.handler.ContextHandler - Started o.e.j.s.ServletContextHandler@5400b19f{/help,null,AVAILABLE}
2021-12-23 20:50:29,870 [Start Help Server] INFO  o.e.jetty.server.AbstractConnector - Started ServerConnector@768b5077{HTTP/1.1, (http/1.1)}{127.0.0.1:52868}
2021-12-23 20:50:29,873 [Start Help Server] INFO  org.eclipse.jetty.server.Server - Started Server@45137088{STARTING}[10.0.5,sto=0] @1088104ms
2021-12-23 21:58:40,331 [Worker-46: Enabling Maven Dependency Management] INFO  o.e.m.c.i.l.LifecycleMappingFactory - Using org.eclipse.m2e.jdt.JarLifecycleMapping lifecycle mapping for MavenProject: Evaluable4:Evaluable4:0.0.1-SNAPSHOT @ C:\Users\don_e\SistemasYProcesos\Bloque4\AE4\Evaluable4\pom.xml.
2021-12-23 21:58:40,569 [Worker-41: Building] WARN  o.e.m.c.i.embedder.EclipseLogger - Using platform encoding (Cp1252 actually) to copy filtered resources, i.e. build is platform dependent!
2021-12-23 21:58:40,570 [Worker-41: Building] INFO  o.e.m.c.i.embedder.EclipseLogger - skip non existing resourceDirectory C:\Users\don_e\SistemasYProcesos\Bloque4\AE4\Evaluable4\src\main\resources
2021-12-23 21:58:40,573 [Worker-41: Building] WARN  o.e.m.c.i.embedder.EclipseLogger - Using platform encoding (Cp1252 actually) to copy filtered resources, i.e. build is platform dependent!
2021-12-23 21:58:40,573 [Worker-41: Building] INFO  o.e.m.c.i.embedder.EclipseLogger - skip non existing resourceDirectory C:\Users\don_e\SistemasYProcesos\Bloque4\AE4\Evaluable4\src\test\resources
2021-12-23 21:58:40,706 [Worker-46: Enabling Maven Dependency Management] INFO  o.e.m.j.i.AbstractJavaProjectConfigurator - Adding source folder /Evaluable4/src
2021-12-23 21:58:40,706 [Worker-46: Enabling Maven Dependency Management] INFO  o.e.m.j.i.AbstractJavaProjectConfigurator - Not adding source folder /Evaluable4/src/test/java because it overlaps with /Evaluable4/src
2021-12-23 21:58:40,825 [Worker-46: Enabling Maven Dependency Management] INFO  o.e.m.c.i.p.ProjectConfigurationManager - Update started
2021-12-23 21:58:41,220 [Worker-46: Enabling Maven Dependency Management] INFO  o.e.m.c.i.l.LifecycleMappingFactory - Using org.eclipse.m2e.jdt.JarLifecycleMapping lifecycle mapping for MavenProject: Evaluable4:Evaluable4:0.0.1-SNAPSHOT @ C:\Users\don_e\SistemasYProcesos\Bloque4\AE4\Evaluable4\pom.xml.
2021-12-23 21:58:41,392 [Worker-46: Enabling Maven Dependency Management] INFO  o.e.m.j.i.AbstractJavaProjectConfigurator - Adding source folder /Evaluable4/src
2021-12-23 21:58:41,392 [Worker-46: Enabling Maven Dependency Management] INFO  o.e.m.j.i.AbstractJavaProjectConfigurator - Not adding source folder /Evaluable4/src/test/java because it overlaps with /Evaluable4/src
2021-12-23 21:58:41,414 [Worker-46: Enabling Maven Dependency Management] INFO  o.e.m.c.i.p.ProjectConfigurationManager - Update completed: 0 sec
2021-12-23 21:58:41,637 [Worker-48: Building] WARN  o.e.m.c.i.embedder.EclipseLogger - Using platform encoding (Cp1252 actually) to copy filtered resources, i.e. build is platform dependent!
2021-12-23 21:58:41,638 [Worker-48: Building] INFO  o.e.m.c.i.embedder.EclipseLogger - skip non existing resourceDirectory C:\Users\don_e\SistemasYProcesos\Bloque4\AE4\Evaluable4\src\main\resources
2021-12-23 21:58:41,640 [Worker-48: Building] WARN  o.e.m.c.i.embedder.EclipseLogger - Using platform encoding (Cp1252 actually) to copy filtered resources, i.e. build is platform dependent!
2021-12-23 21:58:41,641 [Worker-48: Building] INFO  o.e.m.c.i.embedder.EclipseLogger - skip non existing resourceDirectory C:\Users\don_e\SistemasYProcesos\Bloque4\AE4\Evaluable4\src\test\resources
2021-12-23 22:00:56,684 [Worker-52: Building] INFO  o.e.m.c.i.l.LifecycleMappingFactory - Using org.eclipse.m2e.jdt.JarLifecycleMapping lifecycle mapping for MavenProject: Evaluable4:Evaluable4:0.0.1-SNAPSHOT @ C:\Users\don_e\SistemasYProcesos\Bloque4\AE4\Evaluable4\pom.xml.
2021-12-23 22:00:56,807 [Worker-52: Building] WARN  o.e.m.c.i.embedder.EclipseLogger - Using platform encoding (Cp1252 actually) to copy filtered resources, i.e. build is platform dependent!
2021-12-23 22:00:56,809 [Worker-52: Building] INFO  o.e.m.c.i.embedder.EclipseLogger - skip non existing resourceDirectory C:\Users\don_e\SistemasYProcesos\Bloque4\AE4\Evaluable4\src\main\resources
2021-12-23 22:00:56,810 [Worker-52: Building] WARN  o.e.m.c.i.embedder.EclipseLogger - Using platform encoding (Cp1252 actually) to copy filtered resources, i.e. build is platform dependent!
2021-12-23 22:00:56,810 [Worker-52: Building] INFO  o.e.m.c.i.embedder.EclipseLogger - skip non existing resourceDirectory C:\Users\don_e\SistemasYProcesos\Bloque4\AE4\Evaluable4\src\test\resources
2021-12-23 22:00:57,890 [Worker-41: Building] WARN  o.e.m.c.i.embedder.EclipseLogger - Using platform encoding (Cp1252 actually) to copy filtered resources, i.e. build is platform dependent!
2021-12-23 22:00:57,891 [Worker-41: Building] INFO  o.e.m.c.i.embedder.EclipseLogger - skip non existing resourceDirectory C:\Users\don_e\SistemasYProcesos\Bloque4\AE4\Evaluable4\src\main\resources
2021-12-23 22:00:57,892 [Worker-41: Building] WARN  o.e.m.c.i.embedder.EclipseLogger - Using platform encoding (Cp1252 actually) to copy filtered resources, i.e. build is platform dependent!
2021-12-23 22:00:57,893 [Worker-41: Building] INFO  o.e.m.c.i.embedder.EclipseLogger - skip non existing resourceDirectory C:\Users\don_e\SistemasYProcesos\Bloque4\AE4\Evaluable4\src\test\resources
2021-12-23 22:00:58,067 [Worker-50: Download sources and javadoc] INFO  o.e.m.c.i.e.AbstractTransferListenerAdapter - Downloading https://repo.maven.apache.org/maven2/org/webjars/npm/md5/2.3.0/md5-2.3.0-sources.jar
2021-12-23 22:00:58,230 [Worker-50: Download sources and javadoc] INFO  o.e.m.c.i.e.AbstractTransferListenerAdapter - Downloaded https://repo.maven.apache.org/maven2/org/webjars/npm/md5/2.3.0/md5-2.3.0-sources.jar
2021-12-23 22:00:58,235 [Worker-50: Download sources and javadoc] INFO  o.e.m.j.internal.DownloadSourcesJob - Downloaded sources for org.webjars.npm:md5:2.3.0
2021-12-23 22:00:58,434 [Worker-50: Download sources and javadoc] INFO  o.e.m.c.i.e.AbstractTransferListenerAdapter - Downloading https://repo.maven.apache.org/maven2/org/webjars/npm/charenc/0.0.2/charenc-0.0.2-sources.jar
2021-12-23 22:00:58,552 [Worker-50: Download sources and javadoc] INFO  o.e.m.c.i.e.AbstractTransferListenerAdapter - Downloaded https://repo.maven.apache.org/maven2/org/webjars/npm/charenc/0.0.2/charenc-0.0.2-sources.jar
2021-12-23 22:00:58,556 [Worker-50: Download sources and javadoc] INFO  o.e.m.j.internal.DownloadSourcesJob - Downloaded sources for org.webjars.npm:charenc:0.0.2
2021-12-23 22:00:58,752 [Worker-50: Download sources and javadoc] INFO  o.e.m.c.i.e.AbstractTransferListenerAdapter - Downloading https://repo.maven.apache.org/maven2/org/webjars/npm/crypt/0.0.2/crypt-0.0.2-sources.jar
2021-12-23 22:00:58,866 [Worker-50: Download sources and javadoc] INFO  o.e.m.c.i.e.AbstractTransferListenerAdapter - Downloaded https://repo.maven.apache.org/maven2/org/webjars/npm/crypt/0.0.2/crypt-0.0.2-sources.jar
2021-12-23 22:00:58,868 [Worker-50: Download sources and javadoc] INFO  o.e.m.j.internal.DownloadSourcesJob - Downloaded sources for org.webjars.npm:crypt:0.0.2
2021-12-23 22:00:58,977 [Worker-50: Download sources and javadoc] INFO  o.e.m.c.i.e.AbstractTransferListenerAdapter - Downloading https://repo.maven.apache.org/maven2/org/webjars/npm/is-buffer/1.1.6/is-buffer-1.1.6-sources.jar
2021-12-23 22:00:59,138 [Worker-50: Download sources and javadoc] INFO  o.e.m.c.i.e.AbstractTransferListenerAdapter - Downloaded https://repo.maven.apache.org/maven2/org/webjars/npm/is-buffer/1.1.6/is-buffer-1.1.6-sources.jar
2021-12-23 22:00:59,143 [Worker-50: Download sources and javadoc] INFO  o.e.m.j.internal.DownloadSourcesJob - Downloaded sources for org.webjars.npm:is-buffer:1.1.6
2021-12-23 22:00:59,284 [Worker-52: Building] WARN  o.e.m.c.i.embedder.EclipseLogger - Using platform encoding (Cp1252 actually) to copy filtered resources, i.e. build is platform dependent!
2021-12-23 22:00:59,285 [Worker-52: Building] INFO  o.e.m.c.i.embedder.EclipseLogger - skip non existing resourceDirectory C:\Users\don_e\SistemasYProcesos\Bloque4\AE4\Evaluable4\src\main\resources
2021-12-23 22:00:59,286 [Worker-52: Building] WARN  o.e.m.c.i.embedder.EclipseLogger - Using platform encoding (Cp1252 actually) to copy filtered resources, i.e. build is platform dependent!
2021-12-23 22:00:59,286 [Worker-52: Building] INFO  o.e.m.c.i.embedder.EclipseLogger - skip non existing resourceDirectory C:\Users\don_e\SistemasYProcesos\Bloque4\AE4\Evaluable4\src\test\resources
2021-12-23 22:32:43,518 [Worker-53: Building] WARN  o.e.m.c.i.embedder.EclipseLogger - Using platform encoding (Cp1252 actually) to copy filtered resources, i.e. build is platform dependent!
2021-12-23 22:32:43,519 [Worker-53: Building] INFO  o.e.m.c.i.embedder.EclipseLogger - skip non existing resourceDirectory C:\Users\don_e\SistemasYProcesos\Bloque4\AE4\Evaluable4\src\main\resources
2021-12-23 22:32:43,520 [Worker-53: Building] WARN  o.e.m.c.i.embedder.EclipseLogger - Using platform encoding (Cp1252 actually) to copy filtered resources, i.e. build is platform dependent!
2021-12-23 22:32:43,520 [Worker-53: Building] INFO  o.e.m.c.i.embedder.EclipseLogger - skip non existing resourceDirectory C:\Users\don_e\SistemasYProcesos\Bloque4\AE4\Evaluable4\src\test\resources
2021-12-23 22:34:26,266 [Worker-53: Building] WARN  o.e.m.c.i.embedder.EclipseLogger - Using platform encoding (Cp1252 actually) to copy filtered resources, i.e. build is platform dependent!
2021-12-23 22:34:26,267 [Worker-53: Building] INFO  o.e.m.c.i.embedder.EclipseLogger - skip non existing resourceDirectory C:\Users\don_e\SistemasYProcesos\Bloque4\AE4\Evaluable4\src\main\resources
2021-12-23 22:34:26,267 [Worker-53: Building] WARN  o.e.m.c.i.embedder.EclipseLogger - Using platform encoding (Cp1252 actually) to copy filtered resources, i.e. build is platform dependent!
2021-12-23 22:34:26,268 [Worker-53: Building] INFO  o.e.m.c.i.embedder.EclipseLogger - skip non existing resourceDirectory C:\Users\don_e\SistemasYProcesos\Bloque4\AE4\Evaluable4\src\test\resources
2021-12-23 22:36:32,593 [Worker-51: Building] WARN  o.e.m.c.i.embedder.EclipseLogger - Using platform encoding (Cp1252 actually) to copy filtered resources, i.e. build is platform dependent!
2021-12-23 22:36:32,594 [Worker-51: Building] INFO  o.e.m.c.i.embedder.EclipseLogger - skip non existing resourceDirectory C:\Users\don_e\SistemasYProcesos\Bloque4\AE4\Evaluable4\src\main\resources
2021-12-23 22:36:32,595 [Worker-51: Building] WARN  o.e.m.c.i.embedder.EclipseLogger - Using platform encoding (Cp1252 actually) to copy filtered resources, i.e. build is platform dependent!
2021-12-23 22:36:32,595 [Worker-51: Building] INFO  o.e.m.c.i.embedder.EclipseLogger - skip non existing resourceDirectory C:\Users\don_e\SistemasYProcesos\Bloque4\AE4\Evaluable4\src\test\resources
2021-12-23 22:37:42,844 [Worker-57: Building] INFO  o.e.m.c.i.l.LifecycleMappingFactory - Using org.eclipse.m2e.jdt.JarLifecycleMapping lifecycle mapping for MavenProject: Evaluable4:Evaluable4:0.0.1-SNAPSHOT @ C:\Users\don_e\SistemasYProcesos\Bloque4\AE4\Evaluable4\pom.xml.
2021-12-23 22:37:42,974 [Worker-57: Building] WARN  o.e.m.c.i.embedder.EclipseLogger - Using platform encoding (Cp1252 actually) to copy filtered resources, i.e. build is platform dependent!
2021-12-23 22:37:42,975 [Worker-57: Building] INFO  o.e.m.c.i.embedder.EclipseLogger - skip non existing resourceDirectory C:\Users\don_e\SistemasYProcesos\Bloque4\AE4\Evaluable4\src\main\resources
2021-12-23 22:37:42,977 [Worker-57: Building] WARN  o.e.m.c.i.embedder.EclipseLogger - Using platform encoding (Cp1252 actually) to copy filtered resources, i.e. build is platform dependent!
2021-12-23 22:37:42,977 [Worker-57: Building] INFO  o.e.m.c.i.embedder.EclipseLogger - skip non existing resourceDirectory C:\Users\don_e\SistemasYProcesos\Bloque4\AE4\Evaluable4\src\test\resources
2021-12-23 22:37:44,058 [Worker-51: Download sources and javadoc] INFO  o.e.m.c.i.e.AbstractTransferListenerAdapter - Downloading https://repo.maven.apache.org/maven2/net/iharder/base64/2.3.9/base64-2.3.9-sources.jar
2021-12-23 22:37:44,072 [Worker-53: Building] WARN  o.e.m.c.i.embedder.EclipseLogger - Using platform encoding (Cp1252 actually) to copy filtered resources, i.e. build is platform dependent!
2021-12-23 22:37:44,073 [Worker-53: Building] INFO  o.e.m.c.i.embedder.EclipseLogger - skip non existing resourceDirectory C:\Users\don_e\SistemasYProcesos\Bloque4\AE4\Evaluable4\src\main\resources
2021-12-23 22:37:44,074 [Worker-53: Building] WARN  o.e.m.c.i.embedder.EclipseLogger - Using platform encoding (Cp1252 actually) to copy filtered resources, i.e. build is platform dependent!
2021-12-23 22:37:44,075 [Worker-53: Building] INFO  o.e.m.c.i.embedder.EclipseLogger - skip non existing resourceDirectory C:\Users\don_e\SistemasYProcesos\Bloque4\AE4\Evaluable4\src\test\resources
2021-12-23 22:37:44,106 [Worker-51: Download sources and javadoc] INFO  o.e.m.c.i.e.AbstractTransferListenerAdapter - Downloaded https://repo.maven.apache.org/maven2/net/iharder/base64/2.3.9/base64-2.3.9-sources.jar
2021-12-23 22:37:44,108 [Worker-51: Download sources and javadoc] INFO  o.e.m.j.internal.DownloadSourcesJob - Downloaded sources for net.iharder:base64:2.3.9
2021-12-23 22:37:45,088 [Worker-55: Building] WARN  o.e.m.c.i.embedder.EclipseLogger - Using platform encoding (Cp1252 actually) to copy filtered resources, i.e. build is platform dependent!
2021-12-23 22:37:45,089 [Worker-55: Building] INFO  o.e.m.c.i.embedder.EclipseLogger - skip non existing resourceDirectory C:\Users\don_e\SistemasYProcesos\Bloque4\AE4\Evaluable4\src\main\resources
2021-12-23 22:37:45,090 [Worker-55: Building] WARN  o.e.m.c.i.embedder.EclipseLogger - Using platform encoding (Cp1252 actually) to copy filtered resources, i.e. build is platform dependent!
2021-12-23 22:37:45,090 [Worker-55: Building] INFO  o.e.m.c.i.embedder.EclipseLogger - skip non existing resourceDirectory C:\Users\don_e\SistemasYProcesos\Bloque4\AE4\Evaluable4\src\test\resources
2021-12-23 22:40:09,958 [Worker-57: Building] WARN  o.e.m.c.i.embedder.EclipseLogger - Using platform encoding (Cp1252 actually) to copy filtered resources, i.e. build is platform dependent!
2021-12-23 22:40:09,958 [Worker-57: Building] INFO  o.e.m.c.i.embedder.EclipseLogger - skip non existing resourceDirectory C:\Users\don_e\SistemasYProcesos\Bloque4\AE4\Evaluable4\src\main\resources
2021-12-23 22:40:09,959 [Worker-57: Building] WARN  o.e.m.c.i.embedder.EclipseLogger - Using platform encoding (Cp1252 actually) to copy filtered resources, i.e. build is platform dependent!
2021-12-23 22:40:09,960 [Worker-57: Building] INFO  o.e.m.c.i.embedder.EclipseLogger - skip non existing resourceDirectory C:\Users\don_e\SistemasYProcesos\Bloque4\AE4\Evaluable4\src\test\resources
2021-12-23 22:42:29,580 [Worker-58: Building] WARN  o.e.m.c.i.embedder.EclipseLogger - Using platform encoding (Cp1252 actually) to copy filtered resources, i.e. build is platform dependent!
2021-12-23 22:42:29,581 [Worker-58: Building] INFO  o.e.m.c.i.embedder.EclipseLogger - skip non existing resourceDirectory C:\Users\don_e\SistemasYProcesos\Bloque4\AE4\Evaluable4\src\main\resources
2021-12-23 22:42:29,581 [Worker-58: Building] WARN  o.e.m.c.i.embedder.EclipseLogger - Using platform encoding (Cp1252 actually) to copy filtered resources, i.e. build is platform dependent!
2021-12-23 22:42:29,582 [Worker-58: Building] INFO  o.e.m.c.i.embedder.EclipseLogger - skip non existing resourceDirectory C:\Users\don_e\SistemasYProcesos\Bloque4\AE4\Evaluable4\src\test\resources
2021-12-23 22:42:45,509 [Worker-59: Building] WARN  o.e.m.c.i.embedder.EclipseLogger - Using platform encoding (Cp1252 actually) to copy filtered resources, i.e. build is platform dependent!
2021-12-23 22:42:45,510 [Worker-59: Building] INFO  o.e.m.c.i.embedder.EclipseLogger - skip non existing resourceDirectory C:\Users\don_e\SistemasYProcesos\Bloque4\AE4\Evaluable4\src\main\resources
2021-12-23 22:42:45,510 [Worker-59: Building] WARN  o.e.m.c.i.embedder.EclipseLogger - Using platform encoding (Cp1252 actually) to copy filtered resources, i.e. build is platform dependent!
2021-12-23 22:42:45,510 [Worker-59: Building] INFO  o.e.m.c.i.embedder.EclipseLogger - skip non existing resourceDirectory C:\Users\don_e\SistemasYProcesos\Bloque4\AE4\Evaluable4\src\test\resources
2021-12-23 22:44:12,420 [Worker-56: Building] WARN  o.e.m.c.i.embedder.EclipseLogger - Using platform encoding (Cp1252 actually) to copy filtered resources, i.e. build is platform dependent!
2021-12-23 22:44:12,420 [Worker-56: Building] INFO  o.e.m.c.i.embedder.EclipseLogger - skip non existing resourceDirectory C:\Users\don_e\SistemasYProcesos\Bloque4\AE4\Evaluable4\src\main\resources
2021-12-23 22:44:12,421 [Worker-56: Building] WARN  o.e.m.c.i.embedder.EclipseLogger - Using platform encoding (Cp1252 actually) to copy filtered resources, i.e. build is platform dependent!
2021-12-23 22:44:12,421 [Worker-56: Building] INFO  o.e.m.c.i.embedder.EclipseLogger - skip non existing resourceDirectory C:\Users\don_e\SistemasYProcesos\Bloque4\AE4\Evaluable4\src\test\resources
2021-12-23 22:44:54,023 [Worker-61: Building] WARN  o.e.m.c.i.embedder.EclipseLogger - Using platform encoding (Cp1252 actually) to copy filtered resources, i.e. build is platform dependent!
2021-12-23 22:44:54,023 [Worker-61: Building] INFO  o.e.m.c.i.embedder.EclipseLogger - skip non existing resourceDirectory C:\Users\don_e\SistemasYProcesos\Bloque4\AE4\Evaluable4\src\main\resources
2021-12-23 22:44:54,024 [Worker-61: Building] WARN  o.e.m.c.i.embedder.EclipseLogger - Using platform encoding (Cp1252 actually) to copy filtered resources, i.e. build is platform dependent!
2021-12-23 22:44:54,026 [Worker-61: Building] INFO  o.e.m.c.i.embedder.EclipseLogger - skip non existing resourceDirectory C:\Users\don_e\SistemasYProcesos\Bloque4\AE4\Evaluable4\src\test\resources
2021-12-23 22:51:45,374 [Worker-58: Building] WARN  o.e.m.c.i.embedder.EclipseLogger - Using platform encoding (Cp1252 actually) to copy filtered resources, i.e. build is platform dependent!
2021-12-23 22:51:45,375 [Worker-58: Building] INFO  o.e.m.c.i.embedder.EclipseLogger - skip non existing resourceDirectory C:\Users\don_e\SistemasYProcesos\Bloque4\AE4\Evaluable4\src\main\resources
2021-12-23 22:51:45,375 [Worker-58: Building] WARN  o.e.m.c.i.embedder.EclipseLogger - Using platform encoding (Cp1252 actually) to copy filtered resources, i.e. build is platform dependent!
2021-12-23 22:51:45,376 [Worker-58: Building] INFO  o.e.m.c.i.embedder.EclipseLogger - skip non existing resourceDirectory C:\Users\don_e\SistemasYProcesos\Bloque4\AE4\Evaluable4\src\test\resources
2021-12-23 22:56:24,452 [Worker-65: Building] WARN  o.e.m.c.i.embedder.EclipseLogger - Using platform encoding (Cp1252 actually) to copy filtered resources, i.e. build is platform dependent!
2021-12-23 22:56:24,452 [Worker-65: Building] INFO  o.e.m.c.i.embedder.EclipseLogger - skip non existing resourceDirectory C:\Users\don_e\SistemasYProcesos\Bloque4\AE4\Evaluable4\src\main\resources
2021-12-23 22:56:24,452 [Worker-65: Building] WARN  o.e.m.c.i.embedder.EclipseLogger - Using platform encoding (Cp1252 actually) to copy filtered resources, i.e. build is platform dependent!
2021-12-23 22:56:24,454 [Worker-65: Building] INFO  o.e.m.c.i.embedder.EclipseLogger - skip non existing resourceDirectory C:\Users\don_e\SistemasYProcesos\Bloque4\AE4\Evaluable4\src\test\resources
2021-12-23 22:56:52,278 [Worker-62: Building] WARN  o.e.m.c.i.embedder.EclipseLogger - Using platform encoding (Cp1252 actually) to copy filtered resources, i.e. build is platform dependent!
2021-12-23 22:56:52,279 [Worker-62: Building] INFO  o.e.m.c.i.embedder.EclipseLogger - skip non existing resourceDirectory C:\Users\don_e\SistemasYProcesos\Bloque4\AE4\Evaluable4\src\main\resources
2021-12-23 22:56:52,280 [Worker-62: Building] WARN  o.e.m.c.i.embedder.EclipseLogger - Using platform encoding (Cp1252 actually) to copy filtered resources, i.e. build is platform dependent!
2021-12-23 22:56:52,280 [Worker-62: Building] INFO  o.e.m.c.i.embedder.EclipseLogger - skip non existing resourceDirectory C:\Users\don_e\SistemasYProcesos\Bloque4\AE4\Evaluable4\src\test\resources
2021-12-23 22:58:00,643 [Worker-61: Building] WARN  o.e.m.c.i.embedder.EclipseLogger - Using platform encoding (Cp1252 actually) to copy filtered resources, i.e. build is platform dependent!
2021-12-23 22:58:00,644 [Worker-61: Building] INFO  o.e.m.c.i.embedder.EclipseLogger - skip non existing resourceDirectory C:\Users\don_e\SistemasYProcesos\Bloque4\AE4\Evaluable4\src\main\resources
2021-12-23 22:58:00,645 [Worker-61: Building] WARN  o.e.m.c.i.embedder.EclipseLogger - Using platform encoding (Cp1252 actually) to copy filtered resources, i.e. build is platform dependent!
2021-12-23 22:58:00,645 [Worker-61: Building] INFO  o.e.m.c.i.embedder.EclipseLogger - skip non existing resourceDirectory C:\Users\don_e\SistemasYProcesos\Bloque4\AE4\Evaluable4\src\test\resources
2021-12-23 22:58:35,652 [Worker-64: Building] WARN  o.e.m.c.i.embedder.EclipseLogger - Using platform encoding (Cp1252 actually) to copy filtered resources, i.e. build is platform dependent!
2021-12-23 22:58:35,652 [Worker-64: Building] INFO  o.e.m.c.i.embedder.EclipseLogger - skip non existing resourceDirectory C:\Users\don_e\SistemasYProcesos\Bloque4\AE4\Evaluable4\src\main\resources
2021-12-23 22:58:35,653 [Worker-64: Building] WARN  o.e.m.c.i.embedder.EclipseLogger - Using platform encoding (Cp1252 actually) to copy filtered resources, i.e. build is platform dependent!
2021-12-23 22:58:35,653 [Worker-64: Building] INFO  o.e.m.c.i.embedder.EclipseLogger - skip non existing resourceDirectory C:\Users\don_e\SistemasYProcesos\Bloque4\AE4\Evaluable4\src\test\resources
2021-12-23 23:00:38,188 [Worker-58: Building] WARN  o.e.m.c.i.embedder.EclipseLogger - Using platform encoding (Cp1252 actually) to copy filtered resources, i.e. build is platform dependent!
2021-12-23 23:00:38,188 [Worker-58: Building] INFO  o.e.m.c.i.embedder.EclipseLogger - skip non existing resourceDirectory C:\Users\don_e\SistemasYProcesos\Bloque4\AE4\Evaluable4\src\main\resources
2021-12-23 23:00:38,189 [Worker-58: Building] WARN  o.e.m.c.i.embedder.EclipseLogger - Using platform encoding (Cp1252 actually) to copy filtered resources, i.e. build is platform dependent!
2021-12-23 23:00:38,190 [Worker-58: Building] INFO  o.e.m.c.i.embedder.EclipseLogger - skip non existing resourceDirectory C:\Users\don_e\SistemasYProcesos\Bloque4\AE4\Evaluable4\src\test\resources
2021-12-23 23:06:14,659 [Worker-70: Building] WARN  o.e.m.c.i.embedder.EclipseLogger - Using platform encoding (Cp1252 actually) to copy filtered resources, i.e. build is platform dependent!
2021-12-23 23:06:14,660 [Worker-70: Building] INFO  o.e.m.c.i.embedder.EclipseLogger - skip non existing resourceDirectory C:\Users\don_e\SistemasYProcesos\Bloque4\AE4\Evaluable4\src\main\resources
2021-12-23 23:06:14,661 [Worker-70: Building] WARN  o.e.m.c.i.embedder.EclipseLogger - Using platform encoding (Cp1252 actually) to copy filtered resources, i.e. build is platform dependent!
2021-12-23 23:06:14,661 [Worker-70: Building] INFO  o.e.m.c.i.embedder.EclipseLogger - skip non existing resourceDirectory C:\Users\don_e\SistemasYProcesos\Bloque4\AE4\Evaluable4\src\test\resources
2021-12-23 23:08:06,318 [Worker-69: Building] WARN  o.e.m.c.i.embedder.EclipseLogger - Using platform encoding (Cp1252 actually) to copy filtered resources, i.e. build is platform dependent!
2021-12-23 23:08:06,319 [Worker-69: Building] INFO  o.e.m.c.i.embedder.EclipseLogger - skip non existing resourceDirectory C:\Users\don_e\SistemasYProcesos\Bloque4\AE4\Evaluable4\src\main\resources
2021-12-23 23:08:06,320 [Worker-69: Building] WARN  o.e.m.c.i.embedder.EclipseLogger - Using platform encoding (Cp1252 actually) to copy filtered resources, i.e. build is platform dependent!
2021-12-23 23:08:06,321 [Worker-69: Building] INFO  o.e.m.c.i.embedder.EclipseLogger - skip non existing resourceDirectory C:\Users\don_e\SistemasYProcesos\Bloque4\AE4\Evaluable4\src\test\resources
2021-12-23 23:09:13,323 [Worker-69: Building] WARN  o.e.m.c.i.embedder.EclipseLogger - Using platform encoding (Cp1252 actually) to copy filtered resources, i.e. build is platform dependent!
2021-12-23 23:09:13,324 [Worker-69: Building] INFO  o.e.m.c.i.embedder.EclipseLogger - skip non existing resourceDirectory C:\Users\don_e\SistemasYProcesos\Bloque4\AE4\Evaluable4\src\main\resources
2021-12-23 23:09:13,324 [Worker-69: Building] WARN  o.e.m.c.i.embedder.EclipseLogger - Using platform encoding (Cp1252 actually) to copy filtered resources, i.e. build is platform dependent!
2021-12-23 23:09:13,325 [Worker-69: Building] INFO  o.e.m.c.i.embedder.EclipseLogger - skip non existing resourceDirectory C:\Users\don_e\SistemasYProcesos\Bloque4\AE4\Evaluable4\src\test\resources
2021-12-23 23:13:36,922 [Worker-62: Building] WARN  o.e.m.c.i.embedder.EclipseLogger - Using platform encoding (Cp1252 actually) to copy filtered resources, i.e. build is platform dependent!
2021-12-23 23:13:36,923 [Worker-62: Building] INFO  o.e.m.c.i.embedder.EclipseLogger - skip non existing resourceDirectory C:\Users\don_e\SistemasYProcesos\Bloque4\AE4\Evaluable4\src\main\resources
2021-12-23 23:13:36,923 [Worker-62: Building] WARN  o.e.m.c.i.embedder.EclipseLogger - Using platform encoding (Cp1252 actually) to copy filtered resources, i.e. build is platform dependent!
2021-12-23 23:13:36,924 [Worker-62: Building] INFO  o.e.m.c.i.embedder.EclipseLogger - skip non existing resourceDirectory C:\Users\don_e\SistemasYProcesos\Bloque4\AE4\Evaluable4\src\test\resources
2021-12-24 10:55:09,167 [Worker-82: Building] WARN  o.e.m.c.i.embedder.EclipseLogger - Using platform encoding (Cp1252 actually) to copy filtered resources, i.e. build is platform dependent!
2021-12-24 10:55:09,171 [Worker-82: Building] INFO  o.e.m.c.i.embedder.EclipseLogger - skip non existing resourceDirectory C:\Users\don_e\SistemasYProcesos\Bloque4\AE4\Evaluable4\src\main\resources
2021-12-24 10:55:09,172 [Worker-82: Building] WARN  o.e.m.c.i.embedder.EclipseLogger - Using platform encoding (Cp1252 actually) to copy filtered resources, i.e. build is platform dependent!
2021-12-24 10:55:09,173 [Worker-82: Building] INFO  o.e.m.c.i.embedder.EclipseLogger - skip non existing resourceDirectory C:\Users\don_e\SistemasYProcesos\Bloque4\AE4\Evaluable4\src\test\resources
2021-12-24 10:57:59,702 [Worker-81: Building] WARN  o.e.m.c.i.embedder.EclipseLogger - Using platform encoding (Cp1252 actually) to copy filtered resources, i.e. build is platform dependent!
2021-12-24 10:57:59,703 [Worker-81: Building] INFO  o.e.m.c.i.embedder.EclipseLogger - skip non existing resourceDirectory C:\Users\don_e\SistemasYProcesos\Bloque4\AE4\Evaluable4\src\main\resources
2021-12-24 10:57:59,706 [Worker-81: Building] WARN  o.e.m.c.i.embedder.EclipseLogger - Using platform encoding (Cp1252 actually) to copy filtered resources, i.e. build is platform dependent!
2021-12-24 10:57:59,707 [Worker-81: Building] INFO  o.e.m.c.i.embedder.EclipseLogger - skip non existing resourceDirectory C:\Users\don_e\SistemasYProcesos\Bloque4\AE4\Evaluable4\src\test\resources
2021-12-24 11:04:07,621 [Worker-91: Building] WARN  o.e.m.c.i.embedder.EclipseLogger - Using platform encoding (Cp1252 actually) to copy filtered resources, i.e. build is platform dependent!
2021-12-24 11:04:07,622 [Worker-91: Building] INFO  o.e.m.c.i.embedder.EclipseLogger - skip non existing resourceDirectory C:\Users\don_e\SistemasYProcesos\Bloque4\AE4\Evaluable4\src\main\resources
2021-12-24 11:04:07,623 [Worker-91: Building] WARN  o.e.m.c.i.embedder.EclipseLogger - Using platform encoding (Cp1252 actually) to copy filtered resources, i.e. build is platform dependent!
2021-12-24 11:04:07,623 [Worker-91: Building] INFO  o.e.m.c.i.embedder.EclipseLogger - skip non existing resourceDirectory C:\Users\don_e\SistemasYProcesos\Bloque4\AE4\Evaluable4\src\test\resources
2021-12-24 11:08:02,504 [Worker-96: Building] WARN  o.e.m.c.i.embedder.EclipseLogger - Using platform encoding (Cp1252 actually) to copy filtered resources, i.e. build is platform dependent!
2021-12-24 11:08:02,505 [Worker-96: Building] INFO  o.e.m.c.i.embedder.EclipseLogger - skip non existing resourceDirectory C:\Users\don_e\SistemasYProcesos\Bloque4\AE4\Evaluable4\src\main\resources
2021-12-24 11:08:02,508 [Worker-96: Building] WARN  o.e.m.c.i.embedder.EclipseLogger - Using platform encoding (Cp1252 actually) to copy filtered resources, i.e. build is platform dependent!
2021-12-24 11:08:02,509 [Worker-96: Building] INFO  o.e.m.c.i.embedder.EclipseLogger - skip non existing resourceDirectory C:\Users\don_e\SistemasYProcesos\Bloque4\AE4\Evaluable4\src\test\resources
2021-12-24 11:08:23,358 [Worker-91: Building] WARN  o.e.m.c.i.embedder.EclipseLogger - Using platform encoding (Cp1252 actually) to copy filtered resources, i.e. build is platform dependent!
2021-12-24 11:08:23,360 [Worker-91: Building] INFO  o.e.m.c.i.embedder.EclipseLogger - skip non existing resourceDirectory C:\Users\don_e\SistemasYProcesos\Bloque4\AE4\Evaluable4\src\main\resources
2021-12-24 11:08:23,361 [Worker-91: Building] WARN  o.e.m.c.i.embedder.EclipseLogger - Using platform encoding (Cp1252 actually) to copy filtered resources, i.e. build is platform dependent!
2021-12-24 11:08:23,362 [Worker-91: Building] INFO  o.e.m.c.i.embedder.EclipseLogger - skip non existing resourceDirectory C:\Users\don_e\SistemasYProcesos\Bloque4\AE4\Evaluable4\src\test\resources
2021-12-24 11:08:50,779 [Worker-97: Building] WARN  o.e.m.c.i.embedder.EclipseLogger - Using platform encoding (Cp1252 actually) to copy filtered resources, i.e. build is platform dependent!
2021-12-24 11:08:50,780 [Worker-97: Building] INFO  o.e.m.c.i.embedder.EclipseLogger - skip non existing resourceDirectory C:\Users\don_e\SistemasYProcesos\Bloque4\AE4\Evaluable4\src\main\resources
2021-12-24 11:08:50,781 [Worker-97: Building] WARN  o.e.m.c.i.embedder.EclipseLogger - Using platform encoding (Cp1252 actually) to copy filtered resources, i.e. build is platform dependent!
2021-12-24 11:08:50,782 [Worker-97: Building] INFO  o.e.m.c.i.embedder.EclipseLogger - skip non existing resourceDirectory C:\Users\don_e\SistemasYProcesos\Bloque4\AE4\Evaluable4\src\test\resources
2021-12-24 11:11:05,629 [Worker-96: Building] WARN  o.e.m.c.i.embedder.EclipseLogger - Using platform encoding (Cp1252 actually) to copy filtered resources, i.e. build is platform dependent!
2021-12-24 11:11:05,630 [Worker-96: Building] INFO  o.e.m.c.i.embedder.EclipseLogger - skip non existing resourceDirectory C:\Users\don_e\SistemasYProcesos\Bloque4\AE4\Evaluable4\src\main\resources
2021-12-24 11:11:05,631 [Worker-96: Building] WARN  o.e.m.c.i.embedder.EclipseLogger - Using platform encoding (Cp1252 actually) to copy filtered resources, i.e. build is platform dependent!
2021-12-24 11:11:05,631 [Worker-96: Building] INFO  o.e.m.c.i.embedder.EclipseLogger - skip non existing resourceDirectory C:\Users\don_e\SistemasYProcesos\Bloque4\AE4\Evaluable4\src\test\resources
2021-12-24 11:12:07,444 [Worker-99: Building] WARN  o.e.m.c.i.embedder.EclipseLogger - Using platform encoding (Cp1252 actually) to copy filtered resources, i.e. build is platform dependent!
2021-12-24 11:12:07,446 [Worker-99: Building] INFO  o.e.m.c.i.embedder.EclipseLogger - skip non existing resourceDirectory C:\Users\don_e\SistemasYProcesos\Bloque4\AE4\Evaluable4\src\main\resources
2021-12-24 11:12:07,448 [Worker-99: Building] WARN  o.e.m.c.i.embedder.EclipseLogger - Using platform encoding (Cp1252 actually) to copy filtered resources, i.e. build is platform dependent!
2021-12-24 11:12:07,449 [Worker-99: Building] INFO  o.e.m.c.i.embedder.EclipseLogger - skip non existing resourceDirectory C:\Users\don_e\SistemasYProcesos\Bloque4\AE4\Evaluable4\src\test\resources
2021-12-24 11:15:33,641 [Worker-100: Building] WARN  o.e.m.c.i.embedder.EclipseLogger - Using platform encoding (Cp1252 actually) to copy filtered resources, i.e. build is platform dependent!
2021-12-24 11:15:33,642 [Worker-100: Building] INFO  o.e.m.c.i.embedder.EclipseLogger - skip non existing resourceDirectory C:\Users\don_e\SistemasYProcesos\Bloque4\AE4\Evaluable4\src\main\resources
2021-12-24 11:15:33,644 [Worker-100: Building] WARN  o.e.m.c.i.embedder.EclipseLogger - Using platform encoding (Cp1252 actually) to copy filtered resources, i.e. build is platform dependent!
2021-12-24 11:15:33,645 [Worker-100: Building] INFO  o.e.m.c.i.embedder.EclipseLogger - skip non existing resourceDirectory C:\Users\don_e\SistemasYProcesos\Bloque4\AE4\Evaluable4\src\test\resources
2021-12-24 11:18:03,406 [Worker-99: Building] WARN  o.e.m.c.i.embedder.EclipseLogger - Using platform encoding (Cp1252 actually) to copy filtered resources, i.e. build is platform dependent!
2021-12-24 11:18:03,408 [Worker-99: Building] INFO  o.e.m.c.i.embedder.EclipseLogger - skip non existing resourceDirectory C:\Users\don_e\SistemasYProcesos\Bloque4\AE4\Evaluable4\src\main\resources
2021-12-24 11:18:03,411 [Worker-99: Building] WARN  o.e.m.c.i.embedder.EclipseLogger - Using platform encoding (Cp1252 actually) to copy filtered resources, i.e. build is platform dependent!
2021-12-24 11:18:03,412 [Worker-99: Building] INFO  o.e.m.c.i.embedder.EclipseLogger - skip non existing resourceDirectory C:\Users\don_e\SistemasYProcesos\Bloque4\AE4\Evaluable4\src\test\resources
2021-12-24 11:18:23,187 [Worker-99: Launching ServerConnect] WARN  o.e.m.c.i.embedder.EclipseLogger - Using platform encoding (Cp1252 actually) to copy filtered resources, i.e. build is platform dependent!
2021-12-24 11:18:23,188 [Worker-99: Launching ServerConnect] INFO  o.e.m.c.i.embedder.EclipseLogger - skip non existing resourceDirectory C:\Users\don_e\SistemasYProcesos\Bloque4\AE4\Evaluable4\src\main\resources
2021-12-24 11:18:23,188 [Worker-99: Launching ServerConnect] WARN  o.e.m.c.i.embedder.EclipseLogger - Using platform encoding (Cp1252 actually) to copy filtered resources, i.e. build is platform dependent!
2021-12-24 11:18:23,190 [Worker-99: Launching ServerConnect] INFO  o.e.m.c.i.embedder.EclipseLogger - skip non existing resourceDirectory C:\Users\don_e\SistemasYProcesos\Bloque4\AE4\Evaluable4\src\test\resources
2021-12-24 11:20:14,873 [Worker-102: Building] WARN  o.e.m.c.i.embedder.EclipseLogger - Using platform encoding (Cp1252 actually) to copy filtered resources, i.e. build is platform dependent!
2021-12-24 11:20:14,874 [Worker-102: Building] INFO  o.e.m.c.i.embedder.EclipseLogger - skip non existing resourceDirectory C:\Users\don_e\SistemasYProcesos\Bloque4\AE4\Evaluable4\src\main\resources
2021-12-24 11:20:14,875 [Worker-102: Building] WARN  o.e.m.c.i.embedder.EclipseLogger - Using platform encoding (Cp1252 actually) to copy filtered resources, i.e. build is platform dependent!
2021-12-24 11:20:14,876 [Worker-102: Building] INFO  o.e.m.c.i.embedder.EclipseLogger - skip non existing resourceDirectory C:\Users\don_e\SistemasYProcesos\Bloque4\AE4\Evaluable4\src\test\resources
2021-12-24 11:20:19,460 [Stop Help Server] INFO  org.eclipse.jetty.server.Server - Stopped Server@45137088{STOPPING}[10.0.5,sto=0]
2021-12-24 11:20:19,470 [Stop Help Server] INFO  o.e.jetty.server.AbstractConnector - Stopped ServerConnector@768b5077{HTTP/1.1, (http/1.1)}{127.0.0.1:0}
2021-12-24 11:20:19,485 [Stop Help Server] INFO  o.e.j.server.handler.ContextHandler - Stopped o.e.j.s.ServletContextHandler@5400b19f{/help,null,STOPPED}
